2026-06-14 03:14:00,500,ERROR,Engine cannot be created
2026-06-14 03:16:53,338,ERROR,Engine cannot be created
2026-06-14 03:18:10,045,INFO,Engine creation Successful
2026-06-14 03:18:10,096,INFO,select pg_catalog.version()
2026-06-14 03:18:10,096,INFO,[raw sql] {}
2026-06-14 03:18:10,101,INFO,select current_schema()
2026-06-14 03:18:10,101,INFO,[raw sql] {}
2026-06-14 03:18:10,104,INFO,show standard_conforming_strings
2026-06-14 03:18:10,104,INFO,[raw sql] {}
2026-06-14 03:18:10,111,INFO,BEGIN (implicit)
2026-06-14 03:18:10,123,INFO,SELECT pg_catalog.pg_class.relname 
FROM pg_catalog.pg_class JOIN pg_catalog.pg_namespace ON pg_catalog.pg_namespace.oid = pg_catalog.pg_class.relnamespace 
WHERE pg_catalog.pg_class.relname = %(table_name)s::VARCHAR AND pg_catalog.pg_class.relkind = ANY (ARRAY[%(param_1)s::VARCHAR, %(param_2)s::VARCHAR, %(param_3)s::VARCHAR, %(param_4)s::VARCHAR, %(param_5)s::VARCHAR]) AND pg_catalog.pg_table_is_visible(pg_catalog.pg_class.oid) AND pg_catalog.pg_namespace.nspname != %(nspname_1)s::VARCHAR
2026-06-14 03:18:10,124,INFO,[generated in 0.00075s] {'table_name': 'weather_data', 'param_1': 'r', 'param_2': 'p', 'param_3': 'f', 'param_4': 'v', 'param_5': 'm', 'nspname_1': 'pg_catalog'}
2026-06-14 03:18:10,150,INFO,INSERT INTO weather_data (city, latitude, longitude, "Timezone", "Elevation", "Temperature", "Windspeed", "Humidity", "Visibility", "Weather_Conditions", "Date", "Time") VALUES (%(city)s::VARCHAR, %(latitude)s, %(longitude)s, %(Timezone)s::VARCHAR, %(Elevation)s, %(Temperature)s, %(Windspeed)s, %(Humidity)s, %(Visibility)s, %(Weather_Conditions)s::VARCHAR, %(Date)s::VARCHAR, %(Time)s::VARCHAR)
2026-06-14 03:18:10,151,INFO,[generated in 0.00745s] [{'city': 'Delhi', 'latitude': 28.66, 'longitude': 77.23, 'Timezone': 'GMT', 'Elevation': 218.0, 'Temperature': 26.4, 'Windspeed': 3.5, 'Humidity': 84.0, 'Visibility': 8.88, 'Weather_Conditions': 'Clear', 'Date': '2026:06:14', 'Time': '03:07'}, {'city': 'Mumbai', 'latitude': 19.0758, 'longitude': 72.8775, 'Timezone': 'GMT', 'Elevation': 6.0, 'Temperature': 29.5, 'Windspeed': 13.2, 'Humidity': 77.0, 'Visibility': 10.62, 'Weather_Conditions': 'Clear', 'Date': '2026:06:14', 'Time': '03:07'}, {'city': 'Kolkāta', 'latitude': 22.5675, 'longitude': 88.37, 'Timezone': 'GMT', 'Elevation': 11.0, 'Temperature': 27.1, 'Windspeed': 6.1, 'Humidity': 95.0, 'Visibility': 8.6, 'Weather_Conditions': 'Clear', 'Date': '2026:06:14', 'Time': '03:07'}, {'city': 'Chennai', 'latitude': 13.0825, 'longitude': 80.275, 'Timezone': 'GMT', 'Elevation': 8.0, 'Temperature': 28.4, 'Windspeed': 13.0, 'Humidity': 72.0, 'Visibility': 24.22, 'Weather_Conditions': 'Clear', 'Date': '2026:06:14', 'Time': '03:07'}, {'city': 'Hyderābād', 'latitude': 17.3617, 'longitude': 78.4747, 'Timezone': 'GMT', 'Elevation': 508.0, 'Temperature': 26.9, 'Windspeed': 12.3, 'Humidity': 58.0, 'Visibility': 25.42, 'Weather_Conditions': 'Clear', 'Date': '2026:06:14', 'Time': '03:07'}, {'city': 'Bangalore', 'latitude': 12.9791, 'longitude': 77.5913, 'Timezone': 'GMT', 'Elevation': 922.0, 'Temperature': 20.6, 'Windspeed': 11.9, 'Humidity': 98.0, 'Visibility': 11.78, 'Weather_Conditions': 'Clear', 'Date': '2026:06:14', 'Time': '03:07'}, {'city': 'Pune', 'latitude': 18.5211, 'longitude': 73.8553, 'Timezone': 'GMT', 'Elevation': 551.0, 'Temperature': 25.0, 'Windspeed': 12.3, 'Humidity': 80.0, 'Visibility': 20.8, 'Weather_Conditions': 'Clear', 'Date': '2026:06:14', 'Time': '03:07'}, {'city': 'Ahmedabad', 'latitude': 23.0219, 'longitude': 72.5797, 'Timezone': 'GMT', 'Elevation': 52.0, 'Temperature': 30.0, 'Windspeed': 14.0, 'Humidity': 67.0, 'Visibility': 24.04, 'Weather_Conditions': 'Clear', 'Date': '2026:06:14', 'Time': '03:07'}  ... displaying 10 of 382 total bound parameter sets ...  {'city': 'Kūrri', 'latitude': 30.6044, 'longitude': 76.743, 'Timezone': 'GMT', 'Elevation': 294.0, 'Temperature': 22.9, 'Windspeed': 5.6, 'Humidity': 87.0, 'Visibility': 7.68, 'Weather_Conditions': 'Clear', 'Date': '2026:06:14', 'Time': '03:07'}, {'city': 'Dispur', 'latitude': 26.15, 'longitude': 91.77, 'Timezone': 'GMT', 'Elevation': 124.0, 'Temperature': 24.4, 'Windspeed': 1.2, 'Humidity': 99.0, 'Visibility': 1.0, 'Weather_Conditions': 'Clear', 'Date': '2026:06:14', 'Time': '03:07'}]
2026-06-14 03:18:10,157,WARNING,error ignored terminating <psycopg.Pipeline [INERROR, pipeline=ON] (host=localhost user=postgres database=weather_db) at 0x7c42cd74e7b0>: pipeline aborted
2026-06-14 03:18:10,161,INFO,COMMIT
2026-06-14 03:18:10,163,ERROR,Faild to load data : Execution failed on sql 'INSERT INTO weather_data (city, latitude, longitude, "Timezone", "Elevation", "Temperature", "Windspeed", "Humidity", "Visibility", "Weather_Conditions", "Date", "Time") VALUES (:city, :latitude, :longitude, :Timezone, :Elevation, :Temperature, :Windspeed, :Humidity, :Visibility, :Weather_Conditions, :Date, :Time)': (psycopg.errors.UndefinedColumn) column "Timezone" of relation "weather_data" does not exist
LINE 1: ...ERT INTO weather_data (city, latitude, longitude, "Timezone"...
                                                             ^
[SQL: INSERT INTO weather_data (city, latitude, longitude, "Timezone", "Elevation", "Temperature", "Windspeed", "Humidity", "Visibility", "Weather_Conditions", "Date", "Time") VALUES (%(city)s::VARCHAR, %(latitude)s, %(longitude)s, %(Timezone)s::VARCHAR, %(Elevation)s, %(Temperature)s, %(Windspeed)s, %(Humidity)s, %(Visibility)s, %(Weather_Conditions)s::VARCHAR, %(Date)s::VARCHAR, %(Time)s::VARCHAR)]
[parameters: [{'city': 'Delhi', 'latitude': 28.66, 'longitude': 77.23, 'Timezone': 'GMT', 'Elevation': 218.0, 'Temperature': 26.4, 'Windspeed': 3.5, 'Humidity': 84.0, 'Visibility': 8.88, 'Weather_Conditions': 'Clear', 'Date': '2026:06:14', 'Time': '03:07'}, {'city': 'Mumbai', 'latitude': 19.0758, 'longitude': 72.8775, 'Timezone': 'GMT', 'Elevation': 6.0, 'Temperature': 29.5, 'Windspeed': 13.2, 'Humidity': 77.0, 'Visibility': 10.62, 'Weather_Conditions': 'Clear', 'Date': '2026:06:14', 'Time': '03:07'}, {'city': 'Kolkāta', 'latitude': 22.5675, 'longitude': 88.37, 'Timezone': 'GMT', 'Elevation': 11.0, 'Temperature': 27.1, 'Windspeed': 6.1, 'Humidity': 95.0, 'Visibility': 8.6, 'Weather_Conditions': 'Clear', 'Date': '2026:06:14', 'Time': '03:07'}, {'city': 'Chennai', 'latitude': 13.0825, 'longitude': 80.275, 'Timezone': 'GMT', 'Elevation': 8.0, 'Temperature': 28.4, 'Windspeed': 13.0, 'Humidity': 72.0, 'Visibility': 24.22, 'Weather_Conditions': 'Clear', 'Date': '2026:06:14', 'Time': '03:07'}, {'city': 'Hyderābād', 'latitude': 17.3617, 'longitude': 78.4747, 'Timezone': 'GMT', 'Elevation': 508.0, 'Temperature': 26.9, 'Windspeed': 12.3, 'Humidity': 58.0, 'Visibility': 25.42, 'Weather_Conditions': 'Clear', 'Date': '2026:06:14', 'Time': '03:07'}, {'city': 'Bangalore', 'latitude': 12.9791, 'longitude': 77.5913, 'Timezone': 'GMT', 'Elevation': 922.0, 'Temperature': 20.6, 'Windspeed': 11.9, 'Humidity': 98.0, 'Visibility': 11.78, 'Weather_Conditions': 'Clear', 'Date': '2026:06:14', 'Time': '03:07'}, {'city': 'Pune', 'latitude': 18.5211, 'longitude': 73.8553, 'Timezone': 'GMT', 'Elevation': 551.0, 'Temperature': 25.0, 'Windspeed': 12.3, 'Humidity': 80.0, 'Visibility': 20.8, 'Weather_Conditions': 'Clear', 'Date': '2026:06:14', 'Time': '03:07'}, {'city': 'Ahmedabad', 'latitude': 23.0219, 'longitude': 72.5797, 'Timezone': 'GMT', 'Elevation': 52.0, 'Temperature': 30.0, 'Windspeed': 14.0, 'Humidity': 67.0, 'Visibility': 24.04, 'Weather_Conditions': 'Clear', 'Date': '2026:06:14', 'Time': '03:07'}  ... displaying 10 of 382 total bound parameter sets ...  {'city': 'Kūrri', 'latitude': 30.6044, 'longitude': 76.743, 'Timezone': 'GMT', 'Elevation': 294.0, 'Temperature': 22.9, 'Windspeed': 5.6, 'Humidity': 87.0, 'Visibility': 7.68, 'Weather_Conditions': 'Clear', 'Date': '2026:06:14', 'Time': '03:07'}, {'city': 'Dispur', 'latitude': 26.15, 'longitude': 91.77, 'Timezone': 'GMT', 'Elevation': 124.0, 'Temperature': 24.4, 'Windspeed': 1.2, 'Humidity': 99.0, 'Visibility': 1.0, 'Weather_Conditions': 'Clear', 'Date': '2026:06:14', 'Time': '03:07'}]]
(Background on this error at: https://sqlalche.me/e/20/f405)
Traceback (most recent call last):
  File "/home/shaty/Desktop/Weather_ETL/myenv/lib/python3.14/site-packages/sqlalchemy/engine/base.py", line 1936, in _exec_single_context
    self.dialect.do_executemany(
    ~~~~~~~~~~~~~~~~~~~~~~~~~~~^
        cursor,
        ^^^^^^^
    ...<2 lines>...
        context,
        ^^^^^^^^
    )
    ^
  File "/home/shaty/Desktop/Weather_ETL/myenv/lib/python3.14/site-packages/sqlalchemy/engine/default.py", line 949, in do_executemany
    cursor.executemany(statement, parameters)
    ~~~~~~~~~~~~~~~~~~^^^^^^^^^^^^^^^^^^^^^^^
  File "/home/shaty/Desktop/Weather_ETL/myenv/lib/python3.14/site-packages/psycopg/cursor.py", line 148, in executemany
    raise ex.with_traceback(None)
psycopg.errors.UndefinedColumn: column "Timezone" of relation "weather_data" does not exist
LINE 1: ...ERT INTO weather_data (city, latitude, longitude, "Timezone"...
                                                             ^

The above exception was the direct cause of the following exception:

Traceback (most recent call last):
  File "/home/shaty/Desktop/Weather_ETL/myenv/lib/python3.14/site-packages/pandas/io/sql.py", line 1679, in execute
    return execute_function(sql, *args)
  File "/home/shaty/Desktop/Weather_ETL/myenv/lib/python3.14/site-packages/sqlalchemy/engine/base.py", line 1419, in execute
    return meth(
        self,
        distilled_parameters,
        execution_options or NO_OPTIONS,
    )
  File "/home/shaty/Desktop/Weather_ETL/myenv/lib/python3.14/site-packages/sqlalchemy/sql/elements.py", line 527, in _execute_on_connection
    return connection._execute_clauseelement(
           ~~~~~~~~~~~~~~~~~~~~~~~~~~~~~~~~~^
        self, distilled_params, execution_options
        ^^^^^^^^^^^^^^^^^^^^^^^^^^^^^^^^^^^^^^^^^
    )
    ^
  File "/home/shaty/Desktop/Weather_ETL/myenv/lib/python3.14/site-packages/sqlalchemy/engine/base.py", line 1641, in _execute_clauseelement
    ret = self._execute_context(
        dialect,
    ...<8 lines>...
        cache_hit=cache_hit,
    )
  File "/home/shaty/Desktop/Weather_ETL/myenv/lib/python3.14/site-packages/sqlalchemy/engine/base.py", line 1846, in _execute_context
    return self._exec_single_context(
           ~~~~~~~~~~~~~~~~~~~~~~~~~^
        dialect, context, statement, parameters
        ^^^^^^^^^^^^^^^^^^^^^^^^^^^^^^^^^^^^^^^
    )
    ^
  File "/home/shaty/Desktop/Weather_ETL/myenv/lib/python3.14/site-packages/sqlalchemy/engine/base.py", line 1986, in _exec_single_context
    self._handle_dbapi_exception(
    ~~~~~~~~~~~~~~~~~~~~~~~~~~~~^
        e, str_statement, effective_parameters, cursor, context
        ^^^^^^^^^^^^^^^^^^^^^^^^^^^^^^^^^^^^^^^^^^^^^^^^^^^^^^^
    )
    ^
  File "/home/shaty/Desktop/Weather_ETL/myenv/lib/python3.14/site-packages/sqlalchemy/engine/base.py", line 2363, in _handle_dbapi_exception
    raise sqlalchemy_exception.with_traceback(exc_info[2]) from e
  File "/home/shaty/Desktop/Weather_ETL/myenv/lib/python3.14/site-packages/sqlalchemy/engine/base.py", line 1936, in _exec_single_context
    self.dialect.do_executemany(
    ~~~~~~~~~~~~~~~~~~~~~~~~~~~^
        cursor,
        ^^^^^^^
    ...<2 lines>...
        context,
        ^^^^^^^^
    )
    ^
  File "/home/shaty/Desktop/Weather_ETL/myenv/lib/python3.14/site-packages/sqlalchemy/engine/default.py", line 949, in do_executemany
    cursor.executemany(statement, parameters)
    ~~~~~~~~~~~~~~~~~~^^^^^^^^^^^^^^^^^^^^^^^
  File "/home/shaty/Desktop/Weather_ETL/myenv/lib/python3.14/site-packages/psycopg/cursor.py", line 148, in executemany
    raise ex.with_traceback(None)
sqlalchemy.exc.ProgrammingError: (psycopg.errors.UndefinedColumn) column "Timezone" of relation "weather_data" does not exist
LINE 1: ...ERT INTO weather_data (city, latitude, longitude, "Timezone"...
                                                             ^
[SQL: INSERT INTO weather_data (city, latitude, longitude, "Timezone", "Elevation", "Temperature", "Windspeed", "Humidity", "Visibility", "Weather_Conditions", "Date", "Time") VALUES (%(city)s::VARCHAR, %(latitude)s, %(longitude)s, %(Timezone)s::VARCHAR, %(Elevation)s, %(Temperature)s, %(Windspeed)s, %(Humidity)s, %(Visibility)s, %(Weather_Conditions)s::VARCHAR, %(Date)s::VARCHAR, %(Time)s::VARCHAR)]
[parameters: [{'city': 'Delhi', 'latitude': 28.66, 'longitude': 77.23, 'Timezone': 'GMT', 'Elevation': 218.0, 'Temperature': 26.4, 'Windspeed': 3.5, 'Humidity': 84.0, 'Visibility': 8.88, 'Weather_Conditions': 'Clear', 'Date': '2026:06:14', 'Time': '03:07'}, {'city': 'Mumbai', 'latitude': 19.0758, 'longitude': 72.8775, 'Timezone': 'GMT', 'Elevation': 6.0, 'Temperature': 29.5, 'Windspeed': 13.2, 'Humidity': 77.0, 'Visibility': 10.62, 'Weather_Conditions': 'Clear', 'Date': '2026:06:14', 'Time': '03:07'}, {'city': 'Kolkāta', 'latitude': 22.5675, 'longitude': 88.37, 'Timezone': 'GMT', 'Elevation': 11.0, 'Temperature': 27.1, 'Windspeed': 6.1, 'Humidity': 95.0, 'Visibility': 8.6, 'Weather_Conditions': 'Clear', 'Date': '2026:06:14', 'Time': '03:07'}, {'city': 'Chennai', 'latitude': 13.0825, 'longitude': 80.275, 'Timezone': 'GMT', 'Elevation': 8.0, 'Temperature': 28.4, 'Windspeed': 13.0, 'Humidity': 72.0, 'Visibility': 24.22, 'Weather_Conditions': 'Clear', 'Date': '2026:06:14', 'Time': '03:07'}, {'city': 'Hyderābād', 'latitude': 17.3617, 'longitude': 78.4747, 'Timezone': 'GMT', 'Elevation': 508.0, 'Temperature': 26.9, 'Windspeed': 12.3, 'Humidity': 58.0, 'Visibility': 25.42, 'Weather_Conditions': 'Clear', 'Date': '2026:06:14', 'Time': '03:07'}, {'city': 'Bangalore', 'latitude': 12.9791, 'longitude': 77.5913, 'Timezone': 'GMT', 'Elevation': 922.0, 'Temperature': 20.6, 'Windspeed': 11.9, 'Humidity': 98.0, 'Visibility': 11.78, 'Weather_Conditions': 'Clear', 'Date': '2026:06:14', 'Time': '03:07'}, {'city': 'Pune', 'latitude': 18.5211, 'longitude': 73.8553, 'Timezone': 'GMT', 'Elevation': 551.0, 'Temperature': 25.0, 'Windspeed': 12.3, 'Humidity': 80.0, 'Visibility': 20.8, 'Weather_Conditions': 'Clear', 'Date': '2026:06:14', 'Time': '03:07'}, {'city': 'Ahmedabad', 'latitude': 23.0219, 'longitude': 72.5797, 'Timezone': 'GMT', 'Elevation': 52.0, 'Temperature': 30.0, 'Windspeed': 14.0, 'Humidity': 67.0, 'Visibility': 24.04, 'Weather_Conditions': 'Clear', 'Date': '2026:06:14', 'Time': '03:07'}  ... displaying 10 of 382 total bound parameter sets ...  {'city': 'Kūrri', 'latitude': 30.6044, 'longitude': 76.743, 'Timezone': 'GMT', 'Elevation': 294.0, 'Temperature': 22.9, 'Windspeed': 5.6, 'Humidity': 87.0, 'Visibility': 7.68, 'Weather_Conditions': 'Clear', 'Date': '2026:06:14', 'Time': '03:07'}, {'city': 'Dispur', 'latitude': 26.15, 'longitude': 91.77, 'Timezone': 'GMT', 'Elevation': 124.0, 'Temperature': 24.4, 'Windspeed': 1.2, 'Humidity': 99.0, 'Visibility': 1.0, 'Weather_Conditions': 'Clear', 'Date': '2026:06:14', 'Time': '03:07'}]]
(Background on this error at: https://sqlalche.me/e/20/f405)

The above exception was the direct cause of the following exception:

Traceback (most recent call last):
  File "/home/shaty/Desktop/Weather_ETL/src/load.py", line 26, in load_data
    df.to_sql(
    ~~~~~~~~~^
    name="weather_data",
    ^^^^^^^^^^^^^^^^^^^^
    ...<2 lines>...
    index=False
    ^^^^^^^^^^^
    )
    ^
  File "/home/shaty/Desktop/Weather_ETL/myenv/lib/python3.14/site-packages/pandas/core/generic.py", line 3052, in to_sql
    return sql.to_sql(
           ~~~~~~~~~~^
        self,
        ^^^^^
    ...<8 lines>...
        method=method,
        ^^^^^^^^^^^^^^
    )
    ^
  File "/home/shaty/Desktop/Weather_ETL/myenv/lib/python3.14/site-packages/pandas/io/sql.py", line 841, in to_sql
    return pandas_sql.to_sql(
           ~~~~~~~~~~~~~~~~~^
        frame,
        ^^^^^^
    ...<9 lines>...
        **engine_kwargs,
        ^^^^^^^^^^^^^^^^
    )
    ^
  File "/home/shaty/Desktop/Weather_ETL/myenv/lib/python3.14/site-packages/pandas/io/sql.py", line 2037, in to_sql
    total_inserted = sql_engine.insert_records(
        table=table,
    ...<7 lines>...
        **engine_kwargs,
    )
  File "/home/shaty/Desktop/Weather_ETL/myenv/lib/python3.14/site-packages/pandas/io/sql.py", line 1571, in insert_records
    return table.insert(chunksize=chunksize, method=method)
           ~~~~~~~~~~~~^^^^^^^^^^^^^^^^^^^^^^^^^^^^^^^^^^^^
  File "/home/shaty/Desktop/Weather_ETL/myenv/lib/python3.14/site-packages/pandas/io/sql.py", line 1122, in insert
    num_inserted = exec_insert(conn, keys, chunk_iter)
  File "/home/shaty/Desktop/Weather_ETL/myenv/lib/python3.14/site-packages/pandas/io/sql.py", line 1014, in _execute_insert
    result = self.pd_sql.execute(self.table.insert(), data)
  File "/home/shaty/Desktop/Weather_ETL/myenv/lib/python3.14/site-packages/pandas/io/sql.py", line 1681, in execute
    raise DatabaseError(f"Execution failed on sql '{sql}': {exc}") from exc
pandas.errors.DatabaseError: Execution failed on sql 'INSERT INTO weather_data (city, latitude, longitude, "Timezone", "Elevation", "Temperature", "Windspeed", "Humidity", "Visibility", "Weather_Conditions", "Date", "Time") VALUES (:city, :latitude, :longitude, :Timezone, :Elevation, :Temperature, :Windspeed, :Humidity, :Visibility, :Weather_Conditions, :Date, :Time)': (psycopg.errors.UndefinedColumn) column "Timezone" of relation "weather_data" does not exist
LINE 1: ...ERT INTO weather_data (city, latitude, longitude, "Timezone"...
                                                             ^
[SQL: INSERT INTO weather_data (city, latitude, longitude, "Timezone", "Elevation", "Temperature", "Windspeed", "Humidity", "Visibility", "Weather_Conditions", "Date", "Time") VALUES (%(city)s::VARCHAR, %(latitude)s, %(longitude)s, %(Timezone)s::VARCHAR, %(Elevation)s, %(Temperature)s, %(Windspeed)s, %(Humidity)s, %(Visibility)s, %(Weather_Conditions)s::VARCHAR, %(Date)s::VARCHAR, %(Time)s::VARCHAR)]
[parameters: [{'city': 'Delhi', 'latitude': 28.66, 'longitude': 77.23, 'Timezone': 'GMT', 'Elevation': 218.0, 'Temperature': 26.4, 'Windspeed': 3.5, 'Humidity': 84.0, 'Visibility': 8.88, 'Weather_Conditions': 'Clear', 'Date': '2026:06:14', 'Time': '03:07'}, {'city': 'Mumbai', 'latitude': 19.0758, 'longitude': 72.8775, 'Timezone': 'GMT', 'Elevation': 6.0, 'Temperature': 29.5, 'Windspeed': 13.2, 'Humidity': 77.0, 'Visibility': 10.62, 'Weather_Conditions': 'Clear', 'Date': '2026:06:14', 'Time': '03:07'}, {'city': 'Kolkāta', 'latitude': 22.5675, 'longitude': 88.37, 'Timezone': 'GMT', 'Elevation': 11.0, 'Temperature': 27.1, 'Windspeed': 6.1, 'Humidity': 95.0, 'Visibility': 8.6, 'Weather_Conditions': 'Clear', 'Date': '2026:06:14', 'Time': '03:07'}, {'city': 'Chennai', 'latitude': 13.0825, 'longitude': 80.275, 'Timezone': 'GMT', 'Elevation': 8.0, 'Temperature': 28.4, 'Windspeed': 13.0, 'Humidity': 72.0, 'Visibility': 24.22, 'Weather_Conditions': 'Clear', 'Date': '2026:06:14', 'Time': '03:07'}, {'city': 'Hyderābād', 'latitude': 17.3617, 'longitude': 78.4747, 'Timezone': 'GMT', 'Elevation': 508.0, 'Temperature': 26.9, 'Windspeed': 12.3, 'Humidity': 58.0, 'Visibility': 25.42, 'Weather_Conditions': 'Clear', 'Date': '2026:06:14', 'Time': '03:07'}, {'city': 'Bangalore', 'latitude': 12.9791, 'longitude': 77.5913, 'Timezone': 'GMT', 'Elevation': 922.0, 'Temperature': 20.6, 'Windspeed': 11.9, 'Humidity': 98.0, 'Visibility': 11.78, 'Weather_Conditions': 'Clear', 'Date': '2026:06:14', 'Time': '03:07'}, {'city': 'Pune', 'latitude': 18.5211, 'longitude': 73.8553, 'Timezone': 'GMT', 'Elevation': 551.0, 'Temperature': 25.0, 'Windspeed': 12.3, 'Humidity': 80.0, 'Visibility': 20.8, 'Weather_Conditions': 'Clear', 'Date': '2026:06:14', 'Time': '03:07'}, {'city': 'Ahmedabad', 'latitude': 23.0219, 'longitude': 72.5797, 'Timezone': 'GMT', 'Elevation': 52.0, 'Temperature': 30.0, 'Windspeed': 14.0, 'Humidity': 67.0, 'Visibility': 24.04, 'Weather_Conditions': 'Clear', 'Date': '2026:06:14', 'Time': '03:07'}  ... displaying 10 of 382 total bound parameter sets ...  {'city': 'Kūrri', 'latitude': 30.6044, 'longitude': 76.743, 'Timezone': 'GMT', 'Elevation': 294.0, 'Temperature': 22.9, 'Windspeed': 5.6, 'Humidity': 87.0, 'Visibility': 7.68, 'Weather_Conditions': 'Clear', 'Date': '2026:06:14', 'Time': '03:07'}, {'city': 'Dispur', 'latitude': 26.15, 'longitude': 91.77, 'Timezone': 'GMT', 'Elevation': 124.0, 'Temperature': 24.4, 'Windspeed': 1.2, 'Humidity': 99.0, 'Visibility': 1.0, 'Weather_Conditions': 'Clear', 'Date': '2026:06:14', 'Time': '03:07'}]]
(Background on this error at: https://sqlalche.me/e/20/f405)
2026-06-14 03:22:49,648,INFO,Engine creation Successful
2026-06-14 03:22:49,673,INFO,select pg_catalog.version()
2026-06-14 03:22:49,673,INFO,[raw sql] {}
2026-06-14 03:22:49,675,INFO,select current_schema()
2026-06-14 03:22:49,675,INFO,[raw sql] {}
2026-06-14 03:22:49,676,INFO,show standard_conforming_strings
2026-06-14 03:22:49,676,INFO,[raw sql] {}
2026-06-14 03:22:49,682,INFO,BEGIN (implicit)
2026-06-14 03:22:49,695,INFO,SELECT pg_catalog.pg_class.relname 
FROM pg_catalog.pg_class JOIN pg_catalog.pg_namespace ON pg_catalog.pg_namespace.oid = pg_catalog.pg_class.relnamespace 
WHERE pg_catalog.pg_class.relname = %(table_name)s::VARCHAR AND pg_catalog.pg_class.relkind = ANY (ARRAY[%(param_1)s::VARCHAR, %(param_2)s::VARCHAR, %(param_3)s::VARCHAR, %(param_4)s::VARCHAR, %(param_5)s::VARCHAR]) AND pg_catalog.pg_table_is_visible(pg_catalog.pg_class.oid) AND pg_catalog.pg_namespace.nspname != %(nspname_1)s::VARCHAR
2026-06-14 03:22:49,696,INFO,[generated in 0.00078s] {'table_name': 'weather_data', 'param_1': 'r', 'param_2': 'p', 'param_3': 'f', 'param_4': 'v', 'param_5': 'm', 'nspname_1': 'pg_catalog'}
2026-06-14 03:22:49,704,INFO,
CREATE TABLE weather_data (
	city TEXT, 
	latitude FLOAT(53), 
	longitude FLOAT(53), 
	"Timezone" TEXT, 
	"Elevation" FLOAT(53), 
	"Temperature" FLOAT(53), 
	"Windspeed" FLOAT(53), 
	"Humidity" FLOAT(53), 
	"Visibility" FLOAT(53), 
	"Weather_Conditions" TEXT, 
	"Date" TEXT, 
	"Time" TEXT
)


2026-06-14 03:22:49,705,INFO,[no key 0.00048s] {}
2026-06-14 03:22:49,726,INFO,INSERT INTO weather_data (city, latitude, longitude, "Timezone", "Elevation", "Temperature", "Windspeed", "Humidity", "Visibility", "Weather_Conditions", "Date", "Time") VALUES (%(city)s::VARCHAR, %(latitude)s, %(longitude)s, %(Timezone)s::VARCHAR, %(Elevation)s, %(Temperature)s, %(Windspeed)s, %(Humidity)s, %(Visibility)s, %(Weather_Conditions)s::VARCHAR, %(Date)s::VARCHAR, %(Time)s::VARCHAR)
2026-06-14 03:22:49,726,INFO,[generated in 0.00433s] [{'city': 'Delhi', 'latitude': 28.66, 'longitude': 77.23, 'Timezone': 'GMT', 'Elevation': 218.0, 'Temperature': 26.4, 'Windspeed': 3.5, 'Humidity': 84.0, 'Visibility': 8.88, 'Weather_Conditions': 'Clear', 'Date': '2026:06:14', 'Time': '03:07'}, {'city': 'Mumbai', 'latitude': 19.0758, 'longitude': 72.8775, 'Timezone': 'GMT', 'Elevation': 6.0, 'Temperature': 29.5, 'Windspeed': 13.2, 'Humidity': 77.0, 'Visibility': 10.62, 'Weather_Conditions': 'Clear', 'Date': '2026:06:14', 'Time': '03:07'}, {'city': 'Kolkāta', 'latitude': 22.5675, 'longitude': 88.37, 'Timezone': 'GMT', 'Elevation': 11.0, 'Temperature': 27.1, 'Windspeed': 6.1, 'Humidity': 95.0, 'Visibility': 8.6, 'Weather_Conditions': 'Clear', 'Date': '2026:06:14', 'Time': '03:07'}, {'city': 'Chennai', 'latitude': 13.0825, 'longitude': 80.275, 'Timezone': 'GMT', 'Elevation': 8.0, 'Temperature': 28.4, 'Windspeed': 13.0, 'Humidity': 72.0, 'Visibility': 24.22, 'Weather_Conditions': 'Clear', 'Date': '2026:06:14', 'Time': '03:07'}, {'city': 'Hyderābād', 'latitude': 17.3617, 'longitude': 78.4747, 'Timezone': 'GMT', 'Elevation': 508.0, 'Temperature': 26.9, 'Windspeed': 12.3, 'Humidity': 58.0, 'Visibility': 25.42, 'Weather_Conditions': 'Clear', 'Date': '2026:06:14', 'Time': '03:07'}, {'city': 'Bangalore', 'latitude': 12.9791, 'longitude': 77.5913, 'Timezone': 'GMT', 'Elevation': 922.0, 'Temperature': 20.6, 'Windspeed': 11.9, 'Humidity': 98.0, 'Visibility': 11.78, 'Weather_Conditions': 'Clear', 'Date': '2026:06:14', 'Time': '03:07'}, {'city': 'Pune', 'latitude': 18.5211, 'longitude': 73.8553, 'Timezone': 'GMT', 'Elevation': 551.0, 'Temperature': 25.0, 'Windspeed': 12.3, 'Humidity': 80.0, 'Visibility': 20.8, 'Weather_Conditions': 'Clear', 'Date': '2026:06:14', 'Time': '03:07'}, {'city': 'Ahmedabad', 'latitude': 23.0219, 'longitude': 72.5797, 'Timezone': 'GMT', 'Elevation': 52.0, 'Temperature': 30.0, 'Windspeed': 14.0, 'Humidity': 67.0, 'Visibility': 24.04, 'Weather_Conditions': 'Clear', 'Date': '2026:06:14', 'Time': '03:07'}  ... displaying 10 of 382 total bound parameter sets ...  {'city': 'Kūrri', 'latitude': 30.6044, 'longitude': 76.743, 'Timezone': 'GMT', 'Elevation': 294.0, 'Temperature': 22.9, 'Windspeed': 5.6, 'Humidity': 87.0, 'Visibility': 7.68, 'Weather_Conditions': 'Clear', 'Date': '2026:06:14', 'Time': '03:07'}, {'city': 'Dispur', 'latitude': 26.15, 'longitude': 91.77, 'Timezone': 'GMT', 'Elevation': 124.0, 'Temperature': 24.4, 'Windspeed': 1.2, 'Humidity': 99.0, 'Visibility': 1.0, 'Weather_Conditions': 'Clear', 'Date': '2026:06:14', 'Time': '03:07'}]
2026-06-14 03:22:49,756,INFO,COMMIT
2026-06-14 03:22:49,760,INFO,File Successfully loaded to SQL
